Info: Starting: Create simulation model
Info: qsys-generate D:\projects\flicker2\fpga\vidframetest-RPi-sdram\FrameBuf.qsys --simulation=VERILOG --allow-mixed-language-simulation --output-directory=D:\projects\flicker2\fpga\vidframetest-RPi-sdram\FrameBuf\simulation --family="Cyclone 10 LP" --part=10CL010YE144I7G
Progress: Loading vidframetest-RPi-sdram/FrameBuf.qsys
Progress: Reading input file
Progress: Adding onchip_memory2_0 [altera_avalon_onchip_memory2 18.1]
Progress: Parameterizing module onchip_memory2_0
Progress: Building connections
Progress: Parameterizing connections
Progress: Validating
Progress: Done reading input file
Info: FrameBuf: Generating FrameBuf "FrameBuf" for SIM_VERILOG
Info: onchip_memory2_0: Starting RTL generation for module 'FrameBuf_onchip_memory2_0'
Info: onchip_memory2_0:   Generation command is [exec D:/intelfpga_lite/18.1/quartus/bin64/perl/bin/perl.exe -I D:/intelfpga_lite/18.1/quartus/bin64/perl/lib -I D:/intelfpga_lite/18.1/quartus/sopc_builder/bin/europa -I D:/intelfpga_lite/18.1/quartus/sopc_builder/bin/perl_lib -I D:/intelfpga_lite/18.1/quartus/sopc_builder/bin -I D:/intelfpga_lite/18.1/quartus/../ip/altera/sopc_builder_ip/common -I D:/intelfpga_lite/18.1/quartus/../ip/altera/sopc_builder_ip/altera_avalon_onchip_memory2 -- D:/intelfpga_lite/18.1/quartus/../ip/altera/sopc_builder_ip/altera_avalon_onchip_memory2/generate_rtl.pl --name=FrameBuf_onchip_memory2_0 --dir=C:/Users/danfo/AppData/Local/Temp/alt8164_4507210396375539271.dir/0002_onchip_memory2_0_gen/ --quartus_dir=D:/intelfpga_lite/18.1/quartus --verilog --config=C:/Users/danfo/AppData/Local/Temp/alt8164_4507210396375539271.dir/0002_onchip_memory2_0_gen//FrameBuf_onchip_memory2_0_component_configuration.pl  --do_build_sim=1    --sim_dir=C:/Users/danfo/AppData/Local/Temp/alt8164_4507210396375539271.dir/0002_onchip_memory2_0_gen/  ]
Info: onchip_memory2_0: Done RTL generation for module 'FrameBuf_onchip_memory2_0'
Info: onchip_memory2_0: "FrameBuf" instantiated altera_avalon_onchip_memory2 "onchip_memory2_0"
Info: FrameBuf: Done "FrameBuf" with 2 modules, 3 files
Info: qsys-generate succeeded.
Info: Finished: Create simulation model
Info: Starting: Create Modelsim Project.
Info: sim-script-gen --spd=D:\projects\flicker2\fpga\vidframetest-RPi-sdram\FrameBuf\FrameBuf.spd --output-directory=D:/projects/flicker2/fpga/vidframetest-RPi-sdram/FrameBuf/simulation/ --use-relative-paths=true
Info: Doing: ip-make-simscript --spd=D:\projects\flicker2\fpga\vidframetest-RPi-sdram\FrameBuf\FrameBuf.spd --output-directory=D:/projects/flicker2/fpga/vidframetest-RPi-sdram/FrameBuf/simulation/ --use-relative-paths=true
Info: Generating the following file(s) for MODELSIM simulator in D:/projects/flicker2/fpga/vidframetest-RPi-sdram/FrameBuf/simulation/ directory:
Info: 	mentor/msim_setup.tcl
Info: Generating the following file(s) for VCS simulator in D:/projects/flicker2/fpga/vidframetest-RPi-sdram/FrameBuf/simulation/ directory:
Info: 	synopsys/vcs/vcs_setup.sh
Info: Generating the following file(s) for VCSMX simulator in D:/projects/flicker2/fpga/vidframetest-RPi-sdram/FrameBuf/simulation/ directory:
Info: 	synopsys/vcsmx/synopsys_sim.setup
Info: 	synopsys/vcsmx/vcsmx_setup.sh
Info: Generating the following file(s) for NCSIM simulator in D:/projects/flicker2/fpga/vidframetest-RPi-sdram/FrameBuf/simulation/ directory:
Info: 	cadence/cds.lib
Info: 	cadence/hdl.var
Info: 	cadence/ncsim_setup.sh
Info: 	1 .cds.lib files in cadence/cds_libs/ directory
Info: Generating the following file(s) for RIVIERA simulator in D:/projects/flicker2/fpga/vidframetest-RPi-sdram/FrameBuf/simulation/ directory:
Info: 	aldec/rivierapro_setup.tcl
Info: For information on how to simulate your IP, see the explanatory comments in the simulator-specific subdirectories under D:/projects/flicker2/fpga/vidframetest-RPi-sdram/FrameBuf/simulation/.
Info: Regenerate these scripts whenever you make any change to any Quartus-generated IP in your project.
Info: Finished: Create Modelsim Project.
Info: 
Info: Starting: Create HDL design files for synthesis
Info: qsys-generate D:\projects\flicker2\fpga\vidframetest-RPi-sdram\FrameBuf.qsys --synthesis=VERILOG --output-directory=D:\projects\flicker2\fpga\vidframetest-RPi-sdram\FrameBuf\synthesis --family="Cyclone 10 LP" --part=10CL010YE144I7G
Progress: Loading vidframetest-RPi-sdram/FrameBuf.qsys
Progress: Reading input file
Progress: Adding onchip_memory2_0 [altera_avalon_onchip_memory2 18.1]
Progress: Parameterizing module onchip_memory2_0
Progress: Building connections
Progress: Parameterizing connections
Progress: Validating
Progress: Done reading input file
Info: FrameBuf: Generating FrameBuf "FrameBuf" for QUARTUS_SYNTH
Info: onchip_memory2_0: Starting RTL generation for module 'FrameBuf_onchip_memory2_0'
Info: onchip_memory2_0:   Generation command is [exec D:/intelfpga_lite/18.1/quartus/bin64/perl/bin/perl.exe -I D:/intelfpga_lite/18.1/quartus/bin64/perl/lib -I D:/intelfpga_lite/18.1/quartus/sopc_builder/bin/europa -I D:/intelfpga_lite/18.1/quartus/sopc_builder/bin/perl_lib -I D:/intelfpga_lite/18.1/quartus/sopc_builder/bin -I D:/intelfpga_lite/18.1/quartus/../ip/altera/sopc_builder_ip/common -I D:/intelfpga_lite/18.1/quartus/../ip/altera/sopc_builder_ip/altera_avalon_onchip_memory2 -- D:/intelfpga_lite/18.1/quartus/../ip/altera/sopc_builder_ip/altera_avalon_onchip_memory2/generate_rtl.pl --name=FrameBuf_onchip_memory2_0 --dir=C:/Users/danfo/AppData/Local/Temp/alt8164_4507210396375539271.dir/0004_onchip_memory2_0_gen/ --quartus_dir=D:/intelfpga_lite/18.1/quartus --verilog --config=C:/Users/danfo/AppData/Local/Temp/alt8164_4507210396375539271.dir/0004_onchip_memory2_0_gen//FrameBuf_onchip_memory2_0_component_configuration.pl  --do_build_sim=0  ]
Info: onchip_memory2_0: Done RTL generation for module 'FrameBuf_onchip_memory2_0'
Info: onchip_memory2_0: "FrameBuf" instantiated altera_avalon_onchip_memory2 "onchip_memory2_0"
Info: FrameBuf: Done "FrameBuf" with 2 modules, 3 files
Info: qsys-generate succeeded.
Info: Finished: Create HDL design files for synthesis
